C51 COMPILER V9.60.0.0   KEYSCAN                                                           06/16/2022 00:08:38 PAGE 1   


C51 COMPILER V9.60.0.0, COMPILATION OF MODULE KEYSCAN
OBJECT MODULE PLACED IN .\Objects\KeyScan.obj
COMPILER INVOKED BY: E:\Softwares\Keil\MDK\C51\BIN\C51.EXE Hardware\c\KeyScan.c OPTIMIZE(8,SPEED) BROWSE INCDIR(.\Hardwa
                    -re\h) DEBUG OBJECTEXTEND PRINT(.\Listings\KeyScan.lst) OBJECT(.\Objects\KeyScan.obj)

line level    source

   1          #include <KeyScan.h>
   2          
   3          void Key_Scan(void)
   4          {
   5   1      
   6   1      }


MODULE INFORMATION:   STATIC OVERLAYABLE
   CODE SIZE        =      1    ----
   CONSTANT SIZE    =   ----    ----
   XDATA SIZE       =   ----    ----
   PDATA SIZE       =   ----    ----
   DATA SIZE        =   ----    ----
   IDATA SIZE       =   ----    ----
   BIT SIZE         =   ----    ----
END OF MODULE INFORMATION.


C51 COMPILATION COMPLETE.  0 WARNING(S),  0 ERROR(S)
