C51 COMPILER V9.60.0.0   OLED_GUI                                                          06/16/2022 00:08:38 PAGE 1   


C51 COMPILER V9.60.0.0, COMPILATION OF MODULE OLED_GUI
OBJECT MODULE PLACED IN .\Objects\OLED_GUI.obj
COMPILER INVOKED BY: E:\Softwares\Keil\MDK\C51\BIN\C51.EXE Hardware\c\OLED_GUI.c OPTIMIZE(8,SPEED) BROWSE INCDIR(.\Hardw
                    -are\h) DEBUG OBJECTEXTEND PRINT(.\Listings\OLED_GUI.lst) OBJECT(.\Objects\OLED_GUI.obj)

line level    source

   1          #include <OLED_GUI.h>
   2          
   3          extern unsigned int Weight_Set;
   4          extern unsigned char Set_No;
   5          extern unsigned char Key_0_Flag; extern unsigned char Key_1_Flag;
   6          extern unsigned char Key_2_Flag; extern unsigned char Key_3_Flag;
   7          extern unsigned char Key_4_Flag; extern unsigned char Key_5_Flag;
   8          extern unsigned char Key_6_Flag; extern unsigned char Key_7_Flag;
   9          extern unsigned char Key_8_Flag; extern unsigned char Key_9_Flag;
  10          extern unsigned char Key_Left_Flag; extern unsigned char Key_Right_Flag;
  11          extern unsigned char Key_Confirm_Flag; extern unsigned char Key_Setting_Flag;
  12          extern unsigned char Key_Up_Flag; extern unsigned char Key_Down_Flag;
  13          
  14          void Weight_Set_Value_Change(unsigned char num,unsigned char value)
  15          {
  16   1          unsigned char GeWei; unsigned char ShiWei; 
  17   1          unsigned char BaiWei; unsigned char QianWei;
  18   1          unsigned int *p; p = &Weight_Set;
  19   1          
  20   1          QianWei = (Weight_Set/1000)  % 10;
  21   1          BaiWei = (Weight_Set/100)  % 10;
  22   1          ShiWei = (Weight_Set/10)  % 10;
  23   1          GeWei = (Weight_Set/1)  % 10;
  24   1          
  25   1          switch(num) 
  26   1          {
  27   2              case 1: *p = value*1000 + BaiWei*100 + ShiWei*10 + GeWei*1; break;
  28   2              case 2: *p = QianWei*1000 + value*100 + ShiWei*10 + GeWei*1; break;
  29   2              case 3: *p = QianWei*1000 + BaiWei*100 + value*10 + GeWei*1; break;
  30   2              case 4: *p = QianWei*1000 + BaiWei*100 + ShiWei*10 + value*1; break;
  31   2          }   
  32   1      }
  33          
  34          void Renew_Weight_Set_Value(void)
  35          {
  36   1          if(Key_0_Flag == 1) 
  37   1          {
  38   2              Weight_Set_Value_Change(Set_No, 0);
  39   2              Key_0_Flag = 0;
  40   2          }
  41   1          if(Key_1_Flag == 1) 
  42   1          {
  43   2              Weight_Set_Value_Change(Set_No, 1);
  44   2              Key_1_Flag = 0;
  45   2          }
  46   1          if(Key_2_Flag == 1) 
  47   1          {
  48   2              Weight_Set_Value_Change(Set_No, 2);
  49   2              Key_2_Flag = 0;
  50   2          }
  51   1          if(Key_3_Flag == 1) 
  52   1          {
  53   2              Weight_Set_Value_Change(Set_No, 3);
  54   2              Key_3_Flag = 0;
C51 COMPILER V9.60.0.0   OLED_GUI                                                          06/16/2022 00:08:38 PAGE 2   

  55   2          }
  56   1          if(Key_4_Flag == 1) 
  57   1          {
  58   2              Weight_Set_Value_Change(Set_No, 4);
  59   2              Key_4_Flag = 0;
  60   2          }
  61   1          if(Key_5_Flag == 1) 
  62   1          {
  63   2              Weight_Set_Value_Change(Set_No, 5);
  64   2              Key_5_Flag = 0;
  65   2          }
  66   1          if(Key_6_Flag == 1) 
  67   1          {
  68   2              Weight_Set_Value_Change(Set_No, 6);
  69   2              Key_6_Flag = 0;
  70   2          }
  71   1          if(Key_7_Flag == 1) 
  72   1          {
  73   2              Weight_Set_Value_Change(Set_No, 7);
  74   2              Key_7_Flag = 0;
  75   2          }
  76   1          if(Key_8_Flag == 1) 
  77   1          {
  78   2              Weight_Set_Value_Change(Set_No, 8);
  79   2              Key_8_Flag = 0;
  80   2          }
  81   1          if(Key_9_Flag == 1) 
  82   1          {
  83   2              Weight_Set_Value_Change(Set_No, 9);
  84   2              Key_9_Flag = 0;
  85   2          }
  86   1      }
  87          
  88          void Set_No_Renew(void)
  89          {
  90   1          unsigned char *t; t = &Set_No;
  91   1          
  92   1          if(Key_Left_Flag == 1) 
  93   1          {
  94   2              if(Set_No == 1) 
  95   2              {
  96   3                  *t = 4;    
  97   3              } else *t = *t - 1;    //printf("*t =%d\n", *t);
  98   2              Key_Left_Flag = 0;
  99   2          }   
 100   1          
 101   1          if(Key_Right_Flag == 1) 
 102   1          {
 103   2              if(Set_No == 4) 
 104   2              {
 105   3                  *t = 1;    
 106   3              } else *t = *t + 1;
 107   2              Key_Right_Flag = 0;
 108   2          }
 109   1          
 110   1      }


MODULE INFORMATION:   STATIC OVERLAYABLE
   CODE SIZE        =    480    ----
   CONSTANT SIZE    =   ----    ----
   XDATA SIZE       =   ----    ----
C51 COMPILER V9.60.0.0   OLED_GUI                                                          06/16/2022 00:08:38 PAGE 3   

   PDATA SIZE       =   ----    ----
   DATA SIZE        =   ----       9
   IDATA SIZE       =   ----    ----
   BIT SIZE         =   ----    ----
END OF MODULE INFORMATION.


C51 COMPILATION COMPLETE.  0 WARNING(S),  0 ERROR(S)
